1628060702711	geckodriver	INFO	Listening on 127.0.0.1:58221
1628060703728	mozrunner::runner	INFO	Running command: "/usr/bin/firefox" "--marionette" "-foreground" "-no-remote" "-profile" "/tmp/rust_mozprofileHmslq6"
1628060704995	Marionette	INFO	Marionette enabled
console.warn: SearchSettings: "get: No settings file exists, new profile?" (new NotFoundError("Could not open the file at /tmp/rust_mozprofileHmslq6/search.json.mozlz4", (void 0)))
1628060708956	Marionette	INFO	Listening on port 39849
1628060709109	Marionette	WARN	TLS certificate errors will be ignored for this session
1628060743936	geckodriver	INFO	Listening on 127.0.0.1:51587
1628060744931	mozrunner::runner	INFO	Running command: "/usr/bin/firefox" "--marionette" "-foreground" "-no-remote" "-profile" "/tmp/rust_mozprofileWVuUAU"
1628060745723	Marionette	INFO	Marionette enabled
console.warn: SearchSettings: "get: No settings file exists, new profile?" (new NotFoundError("Could not open the file at /tmp/rust_mozprofileWVuUAU/search.json.mozlz4", (void 0)))
1628060748212	Marionette	INFO	Listening on port 41009
1628060748273	Marionette	WARN	TLS certificate errors will be ignored for this session
console.error: Region.jsm: "Error fetching region" (new Error("TIMEOUT", "resource://gre/modules/Region.jsm", 772))
console.error: Region.jsm: "Failed to fetch region" (new Error("TIMEOUT", "resource://gre/modules/Region.jsm", 419))
JavaScript error: resource://gre/actors/AutoCompleteChild.jsm, line 125: Error: Invalid autocomplete selectedIndex
JavaScript error: resource://gre/actors/AutoCompleteChild.jsm, line 125: Error: Invalid autocomplete selectedIndex
JavaScript error: resource://gre/modules/LoginManagerChild.jsm, line 194: NS_ERROR_XPC_JAVASCRIPT_ERROR_WITH_DETAILS: [JavaScript Error: "Invalid autocomplete selectedIndex" {file: "resource://gre/actors/AutoCompleteChild.jsm" line: 125}]'[JavaScript Error: "Invalid autocomplete selectedIndex" {file: "resource://gre/actors/AutoCompleteChild.jsm" line: 125}]' when calling method: [nsIAutoCompletePopup::selectedIndex]
console.error: services.settings: 
  main/doh-providers Signature failed  InvalidSignatureError: Invalid content signature (main/doh-providers)
console.error: services.settings: 
  main/doh-providers local data was corrupted
console.warn: services.settings: main/doh-providers Signature verified failed. Retry from scratch
console.error: services.settings: 
  main/doh-config Signature failed  InvalidSignatureError: Invalid content signature (main/doh-config)
console.error: services.settings: 
  main/doh-config local data was corrupted
console.warn: services.settings: main/doh-config Signature verified failed. Retry from scratch
console.error: services.settings: 
  main/doh-providers Signature failed  InvalidSignatureError: Invalid content signature (main/doh-providers)
console.error: services.settings: 
  main/doh-providers local data was corrupted
console.warn: services.settings: main/doh-providers Signature verified failed. Retry from scratch
console.error: services.settings: 
  main/doh-config Signature failed  InvalidSignatureError: Invalid content signature (main/doh-config)
console.error: services.settings: 
  main/doh-config local data was corrupted
console.warn: services.settings: main/doh-config Signature verified failed. Retry from scratch
console.log: WebExtensions: reset-default-search: starting.
console.log: WebExtensions: reset-default-search: No addons in our list are installed.
console.log: WebExtensions: reset-default-search: starting.
console.log: WebExtensions: reset-default-search: No addons in our list are installed.
1628061835668	geckodriver	INFO	Listening on 127.0.0.1:56681
1628061836668	mozrunner::runner	INFO	Running command: "/usr/bin/firefox" "--marionette" "-foreground" "-no-remote" "-profile" "/tmp/rust_mozprofileMEQgek"
1628061837526	Marionette	INFO	Marionette enabled
console.warn: SearchSettings: "get: No settings file exists, new profile?" (new NotFoundError("Could not open the file at /tmp/rust_mozprofileMEQgek/search.json.mozlz4", (void 0)))
1628061839988	Marionette	INFO	Listening on port 38053
1628061840100	Marionette	WARN	TLS certificate errors will be ignored for this session
JavaScript error: resource://gre/actors/AutoCompleteChild.jsm, line 125: Error: Invalid autocomplete selectedIndex
JavaScript error: resource://gre/actors/AutoCompleteChild.jsm, line 125: Error: Invalid autocomplete selectedIndex
JavaScript error: resource://gre/modules/LoginManagerChild.jsm, line 194: NS_ERROR_XPC_JAVASCRIPT_ERROR_WITH_DETAILS: [JavaScript Error: "Invalid autocomplete selectedIndex" {file: "resource://gre/actors/AutoCompleteChild.jsm" line: 125}]'[JavaScript Error: "Invalid autocomplete selectedIndex" {file: "resource://gre/actors/AutoCompleteChild.jsm" line: 125}]' when calling method: [nsIAutoCompletePopup::selectedIndex]
console.error: services.settings: 
  main/doh-providers Signature failed  InvalidSignatureError: Invalid content signature (main/doh-providers)
console.error: services.settings: 
  main/doh-providers local data was corrupted
console.warn: services.settings: main/doh-providers Signature verified failed. Retry from scratch
console.error: services.settings: 
  main/doh-config Signature failed  InvalidSignatureError: Invalid content signature (main/doh-config)
console.error: services.settings: 
  main/doh-config local data was corrupted
console.warn: services.settings: main/doh-config Signature verified failed. Retry from scratch
console.log: WebExtensions: reset-default-search: starting.
console.log: WebExtensions: reset-default-search: No addons in our list are installed.
1628062260247	Marionette	INFO	Stopped listening on port 38053

###!!! [Parent][RunMessage] Error: Channel closing: too late to send/recv, messages will be lost

1628062286454	geckodriver	INFO	Listening on 127.0.0.1:54851
1628062286467	mozrunner::runner	INFO	Running command: "/usr/bin/firefox" "--marionette" "-foreground" "-no-remote" "-profile" "/tmp/rust_mozprofile0bRaJH"
1628062287157	Marionette	INFO	Marionette enabled
console.warn: SearchSettings: "get: No settings file exists, new profile?" (new NotFoundError("Could not open the file at /tmp/rust_mozprofile0bRaJH/search.json.mozlz4", (void 0)))
1628062289505	Marionette	INFO	Listening on port 37957
1628062289593	Marionette	WARN	TLS certificate errors will be ignored for this session
console.error: Region.jsm: "Error fetching region" (new Error("TIMEOUT", "resource://gre/modules/Region.jsm", 772))
console.error: Region.jsm: "Failed to fetch region" (new Error("TIMEOUT", "resource://gre/modules/Region.jsm", 419))
1628062459269	Marionette	INFO	Stopped listening on port 41009

###!!! [Parent][RunMessage] Error: Channel closing: too late to send/recv, messages will be lost

1628062464440	Marionette	INFO	Stopped listening on port 39849

###!!! [Parent][RunMessage] Error: Channel closing: too late to send/recv, messages will be lost

1628062476545	Marionette	INFO	Stopped listening on port 37957
1628062612401	geckodriver	INFO	Listening on 127.0.0.1:58933
1628062612415	mozrunner::runner	INFO	Running command: "/usr/bin/firefox" "--marionette" "-foreground" "-no-remote" "-profile" "/tmp/rust_mozprofilen6R8Zu"
1628062613085	Marionette	INFO	Marionette enabled
console.warn: SearchSettings: "get: No settings file exists, new profile?" (new NotFoundError("Could not open the file at /tmp/rust_mozprofilen6R8Zu/search.json.mozlz4", (void 0)))
1628062615445	Marionette	INFO	Listening on port 43115
1628062615547	Marionette	WARN	TLS certificate errors will be ignored for this session
console.error: services.settings: 
  main/doh-providers Signature failed  InvalidSignatureError: Invalid content signature (main/doh-providers)
console.error: services.settings: 
  main/doh-providers local data was corrupted
console.warn: services.settings: main/doh-providers Signature verified failed. Retry from scratch
console.error: services.settings: 
  main/doh-config Signature failed  InvalidSignatureError: Invalid content signature (main/doh-config)
console.error: services.settings: 
  main/doh-config local data was corrupted
console.warn: services.settings: main/doh-config Signature verified failed. Retry from scratch
JavaScript error: resource://devtools/server/actors/network-monitor/network-event-actor.js, line 108: Error: Got a request https://s3.amazonaws.com/popularpays-ember-assets-lightning/assets/vendor-6ebf6cbd01dc06315c36639acaa7443f.css without a browsingContextID set
JavaScript error: resource://devtools/server/actors/network-monitor/network-event-actor.js, line 108: Error: Got a request https://s3.amazonaws.com/popularpays-ember-assets-lightning/assets/agency-web-app-d53ef86c17c5f38530a210d8d3647124.css without a browsingContextID set
console.log: WebExtensions: reset-default-search: starting.
console.log: WebExtensions: reset-default-search: No addons in our list are installed.
1628063106310	geckodriver	INFO	Listening on 127.0.0.1:36873
1628063107314	mozrunner::runner	INFO	Running command: "/usr/bin/firefox" "--marionette" "-foreground" "-no-remote" "-profile" "/tmp/rust_mozprofilejxKZvY"
1628063107979	Marionette	INFO	Marionette enabled
console.warn: SearchSettings: "get: No settings file exists, new profile?" (new NotFoundError("Could not open the file at /tmp/rust_mozprofilejxKZvY/search.json.mozlz4", (void 0)))
1628063110243	Marionette	INFO	Listening on port 37477
1628063110341	Marionette	WARN	TLS certificate errors will be ignored for this session
1628063241540	Marionette	INFO	Stopped listening on port 43115
1628063415816	Marionette	INFO	Stopped listening on port 37477

###!!! [Parent][RunMessage] Error: Channel closing: too late to send/recv, messages will be lost

1628063467755	geckodriver	INFO	Listening on 127.0.0.1:58411
1628063467770	mozrunner::runner	INFO	Running command: "/usr/bin/firefox" "--marionette" "-foreground" "-no-remote" "-profile" "/tmp/rust_mozprofileIrWN4n"
1628063468502	Marionette	INFO	Marionette enabled
console.warn: SearchSettings: "get: No settings file exists, new profile?" (new NotFoundError("Could not open the file at /tmp/rust_mozprofileIrWN4n/search.json.mozlz4", (void 0)))
1628063470869	Marionette	INFO	Listening on port 36039
1628063470925	Marionette	WARN	TLS certificate errors will be ignored for this session
console.error: Region.jsm: "Error fetching region" (new Error("TIMEOUT", "resource://gre/modules/Region.jsm", 772))
console.error: Region.jsm: "Failed to fetch region" (new Error("TIMEOUT", "resource://gre/modules/Region.jsm", 419))
console.error: services.settings: 
  main/doh-providers Signature failed  InvalidSignatureError: Invalid content signature (main/doh-providers)
console.error: services.settings: 
  main/doh-providers local data was corrupted
console.warn: services.settings: main/doh-providers Signature verified failed. Retry from scratch
console.error: services.settings: 
  main/doh-config Signature failed  InvalidSignatureError: Invalid content signature (main/doh-config)
console.error: services.settings: 
  main/doh-config local data was corrupted
console.warn: services.settings: main/doh-config Signature verified failed. Retry from scratch
JavaScript error: resource://devtools/server/actors/network-monitor/network-event-actor.js, line 108: Error: Got a request https://s3.amazonaws.com/popularpays-ember-assets-lightning/assets/vendor-6ebf6cbd01dc06315c36639acaa7443f.css without a browsingContextID set
JavaScript error: resource://devtools/server/actors/network-monitor/network-event-actor.js, line 108: Error: Got a request https://s3.amazonaws.com/popularpays-ember-assets-lightning/assets/agency-web-app-d53ef86c17c5f38530a210d8d3647124.css without a browsingContextID set
console.log: WebExtensions: reset-default-search: starting.
console.log: WebExtensions: reset-default-search: No addons in our list are installed.
1628064037664	geckodriver	INFO	Listening on 127.0.0.1:57567
1628064038676	mozrunner::runner	INFO	Running command: "/usr/bin/firefox" "--marionette" "-foreground" "-no-remote" "-profile" "/tmp/rust_mozprofileEuogaa"
1628064039362	Marionette	INFO	Marionette enabled
console.warn: SearchSettings: "get: No settings file exists, new profile?" (new NotFoundError("Could not open the file at /tmp/rust_mozprofileEuogaa/search.json.mozlz4", (void 0)))
1628064041499	Marionette	INFO	Listening on port 43655
1628064041607	Marionette	WARN	TLS certificate errors will be ignored for this session
1628064158448	geckodriver	INFO	Listening on 127.0.0.1:37345
1628064159454	mozrunner::runner	INFO	Running command: "/usr/bin/firefox" "--marionette" "-foreground" "-no-remote" "-profile" "/tmp/rust_mozprofileEopgW0"
1628064160146	Marionette	INFO	Marionette enabled
console.warn: SearchSettings: "get: No settings file exists, new profile?" (new NotFoundError("Could not open the file at /tmp/rust_mozprofileEopgW0/search.json.mozlz4", (void 0)))
1628064162730	Marionette	INFO	Listening on port 42291
1628064162814	Marionette	WARN	TLS certificate errors will be ignored for this session
1628064164582	Marionette	INFO	Stopped listening on port 43655

###!!! [Parent][RunMessage] Error: Channel closing: too late to send/recv, messages will be lost

1628064166618	Marionette	INFO	Stopped listening on port 36039
1628064257047	Marionette	INFO	Stopped listening on port 42291
1628064263557	geckodriver	INFO	Listening on 127.0.0.1:48635
1628064264562	mozrunner::runner	INFO	Running command: "/usr/bin/firefox" "--marionette" "-foreground" "-no-remote" "-profile" "/tmp/rust_mozprofilejWc7Fw"
1628064265211	Marionette	INFO	Marionette enabled
console.warn: SearchSettings: "get: No settings file exists, new profile?" (new NotFoundError("Could not open the file at /tmp/rust_mozprofilejWc7Fw/search.json.mozlz4", (void 0)))
1628064267372	Marionette	INFO	Listening on port 41081
1628064267496	Marionette	WARN	TLS certificate errors will be ignored for this session
JavaScript error: resource://devtools/server/actors/network-monitor/network-event-actor.js, line 108: Error: Got a request https://s3.amazonaws.com/popularpays-ember-assets-lightning/assets/vendor-6ebf6cbd01dc06315c36639acaa7443f.css without a browsingContextID set
JavaScript error: resource://devtools/server/actors/network-monitor/network-event-actor.js, line 108: Error: Got a request https://s3.amazonaws.com/popularpays-ember-assets-lightning/assets/agency-web-app-d53ef86c17c5f38530a210d8d3647124.css without a browsingContextID set
1628064317449	geckodriver	INFO	Listening on 127.0.0.1:36681
1628064318463	mozrunner::runner	INFO	Running command: "/usr/bin/firefox" "--marionette" "-foreground" "-no-remote" "-profile" "/tmp/rust_mozprofilejh3N9J"
1628064319135	Marionette	INFO	Marionette enabled
console.warn: SearchSettings: "get: No settings file exists, new profile?" (new NotFoundError("Could not open the file at /tmp/rust_mozprofilejh3N9J/search.json.mozlz4", (void 0)))
1628064321711	Marionette	INFO	Listening on port 37109
1628064321804	Marionette	WARN	TLS certificate errors will be ignored for this session
1628064355367	Marionette	INFO	Stopped listening on port 37109
console.error: services.settings: 
  main/doh-providers Signature failed  InvalidSignatureError: Invalid content signature (main/doh-providers)
console.error: services.settings: 
  main/doh-providers local data was corrupted
console.warn: services.settings: main/doh-providers Signature verified failed. Retry from scratch
console.error: services.settings: 
  main/doh-config Signature failed  InvalidSignatureError: Invalid content signature (main/doh-config)
console.error: services.settings: 
  main/doh-config local data was corrupted
console.warn: services.settings: main/doh-config Signature verified failed. Retry from scratch
console.log: WebExtensions: reset-default-search: starting.
console.log: WebExtensions: reset-default-search: No addons in our list are installed.
1628064785608	geckodriver	INFO	Listening on 127.0.0.1:43171
1628064786622	mozrunner::runner	INFO	Running command: "/usr/bin/firefox" "--marionette" "-foreground" "-no-remote" "-profile" "/tmp/rust_mozprofile0CyEmp"
1628064787340	Marionette	INFO	Marionette enabled
console.warn: SearchSettings: "get: No settings file exists, new profile?" (new NotFoundError("Could not open the file at /tmp/rust_mozprofile0CyEmp/search.json.mozlz4", (void 0)))
1628064789536	Marionette	INFO	Listening on port 45197
1628064789652	Marionette	WARN	TLS certificate errors will be ignored for this session
1628064856140	geckodriver	INFO	Listening on 127.0.0.1:49047
1628064857155	mozrunner::runner	INFO	Running command: "/usr/bin/firefox" "--marionette" "-foreground" "-no-remote" "-profile" "/tmp/rust_mozprofileLWcUVS"
1628064857952	Marionette	INFO	Marionette enabled
console.warn: SearchSettings: "get: No settings file exists, new profile?" (new NotFoundError("Could not open the file at /tmp/rust_mozprofileLWcUVS/search.json.mozlz4", (void 0)))
1628064860499	Marionette	INFO	Listening on port 36535
1628064860586	Marionette	WARN	TLS certificate errors will be ignored for this session
1628064909095	geckodriver	INFO	Listening on 127.0.0.1:50537
1628064910107	mozrunner::runner	INFO	Running command: "/usr/bin/firefox" "--marionette" "-foreground" "-no-remote" "-profile" "/tmp/rust_mozprofilewleGEw"
1628064910860	Marionette	INFO	Marionette enabled
console.warn: SearchSettings: "get: No settings file exists, new profile?" (new NotFoundError("Could not open the file at /tmp/rust_mozprofilewleGEw/search.json.mozlz4", (void 0)))
1628064913704	Marionette	INFO	Listening on port 43393
1628064913737	Marionette	WARN	TLS certificate errors will be ignored for this session
console.warn: LoginRecipes: "getRecipes: falling back to a synchronous message for:" "https://www.facebook.com"
1628064961987	geckodriver	INFO	Listening on 127.0.0.1:48479
1628064963003	mozrunner::runner	INFO	Running command: "/usr/bin/firefox" "--marionette" "-foreground" "-no-remote" "-profile" "/tmp/rust_mozprofilejMQxUl"
1628064963767	Marionette	INFO	Marionette enabled
console.warn: SearchSettings: "get: No settings file exists, new profile?" (new NotFoundError("Could not open the file at /tmp/rust_mozprofilejMQxUl/search.json.mozlz4", (void 0)))
1628064966809	Marionette	INFO	Listening on port 35887
1628064966883	Marionette	WARN	TLS certificate errors will be ignored for this session
console.error: services.settings: 
  main/doh-providers Signature failed  InvalidSignatureError: Invalid content signature (main/doh-providers)
console.error: services.settings: 
  main/doh-providers local data was corrupted
console.warn: services.settings: main/doh-providers Signature verified failed. Retry from scratch
console.error: services.settings: 
  main/doh-config Signature failed  InvalidSignatureError: Invalid content signature (main/doh-config)
console.error: services.settings: 
  main/doh-config local data was corrupted
console.warn: services.settings: main/doh-config Signature verified failed. Retry from scratch
1628065095252	Marionette	INFO	Stopped listening on port 35887
1628065100814	Marionette	INFO	Stopped listening on port 45197

###!!! [Parent][RunMessage] Error: Channel closing: too late to send/recv, messages will be lost

1628065102494	Marionette	INFO	Stopped listening on port 36535

###!!! [Parent][RunMessage] Error: Channel closing: too late to send/recv, messages will be lost

1628065104439	Marionette	INFO	Stopped listening on port 43393
1628065105900	Marionette	INFO	Stopped listening on port 41081
ExceptionHandler::GenerateDump cloned child 37993
ExceptionHandler::SendContinueSignalToChild sent continue signal to child
ExceptionHandler::WaitForContinueSignal waiting for continue signal...
1628065137507	geckodriver	INFO	Listening on 127.0.0.1:47435
1628065138516	mozrunner::runner	INFO	Running command: "/usr/bin/firefox" "--marionette" "-foreground" "-no-remote" "-profile" "/tmp/rust_mozprofile7IaQV3"
1628065139344	Marionette	INFO	Marionette enabled
console.warn: SearchSettings: "get: No settings file exists, new profile?" (new NotFoundError("Could not open the file at /tmp/rust_mozprofile7IaQV3/search.json.mozlz4", (void 0)))
1628065141975	Marionette	INFO	Listening on port 40641
1628065142063	Marionette	WARN	TLS certificate errors will be ignored for this session
JavaScript error: resource://devtools/server/actors/network-monitor/network-event-actor.js, line 108: Error: Got a request https://s3.amazonaws.com/popularpays-ember-assets-lightning/assets/vendor-6ebf6cbd01dc06315c36639acaa7443f.css without a browsingContextID set
JavaScript error: resource://devtools/server/actors/network-monitor/network-event-actor.js, line 108: Error: Got a request https://s3.amazonaws.com/popularpays-ember-assets-lightning/assets/agency-web-app-d53ef86c17c5f38530a210d8d3647124.css without a browsingContextID set
1628065269460	Marionette	INFO	Stopped listening on port 40641

###!!! [Parent][RunMessage] Error: Channel closing: too late to send/recv, messages will be lost

1628065271529	geckodriver	INFO	Listening on 127.0.0.1:38485
1628065272534	mozrunner::runner	INFO	Running command: "/usr/bin/firefox" "--marionette" "-foreground" "-no-remote" "-profile" "/tmp/rust_mozprofilekorytS"
1628065273290	Marionette	INFO	Marionette enabled
console.warn: SearchSettings: "get: No settings file exists, new profile?" (new NotFoundError("Could not open the file at /tmp/rust_mozprofilekorytS/search.json.mozlz4", (void 0)))
1628065275951	Marionette	INFO	Listening on port 39765
1628065276106	Marionette	WARN	TLS certificate errors will be ignored for this session
1628065354538	geckodriver	INFO	Listening on 127.0.0.1:42333
1628065354554	mozrunner::runner	INFO	Running command: "/usr/bin/firefox" "--marionette" "-foreground" "-no-remote" "-profile" "/tmp/rust_mozprofileXtfg6f"
1628065355311	Marionette	INFO	Marionette enabled
console.warn: SearchSettings: "get: No settings file exists, new profile?" (new NotFoundError("Could not open the file at /tmp/rust_mozprofileXtfg6f/search.json.mozlz4", (void 0)))
1628065357746	Marionette	INFO	Listening on port 43305
1628065357803	Marionette	WARN	TLS certificate errors will be ignored for this session
JavaScript error: resource://devtools/server/actors/network-monitor/network-event-actor.js, line 108: Error: Got a request https://s3.amazonaws.com/popularpays-ember-assets-lightning/assets/vendor-6ebf6cbd01dc06315c36639acaa7443f.css without a browsingContextID set
JavaScript error: resource://devtools/server/actors/network-monitor/network-event-actor.js, line 108: Error: Got a request https://s3.amazonaws.com/popularpays-ember-assets-lightning/assets/agency-web-app-d53ef86c17c5f38530a210d8d3647124.css without a browsingContextID set
1628065399950	geckodriver	INFO	Listening on 127.0.0.1:49951
1628065400962	mozrunner::runner	INFO	Running command: "/usr/bin/firefox" "--marionette" "-foreground" "-no-remote" "-profile" "/tmp/rust_mozprofileB6MMVd"
1628065401890	Marionette	INFO	Marionette enabled
console.warn: SearchSettings: "get: No settings file exists, new profile?" (new NotFoundError("Could not open the file at /tmp/rust_mozprofileB6MMVd/search.json.mozlz4", (void 0)))
1628065404539	Marionette	INFO	Listening on port 44469
1628065404641	Marionette	WARN	TLS certificate errors will be ignored for this session
console.error: services.settings: 
  main/doh-providers Signature failed  InvalidSignatureError: Invalid content signature (main/doh-providers)
console.error: services.settings: 
  main/doh-providers local data was corrupted
console.warn: services.settings: main/doh-providers Signature verified failed. Retry from scratch
console.error: services.settings: 
  main/doh-config Signature failed  InvalidSignatureError: Invalid content signature (main/doh-config)
console.error: services.settings: 
  main/doh-config local data was corrupted
console.warn: services.settings: main/doh-config Signature verified failed. Retry from scratch
console.error: services.settings: 
  main/doh-providers Signature failed  InvalidSignatureError: Invalid content signature (main/doh-providers)
console.error: services.settings: 
  main/doh-providers local data was corrupted
console.warn: services.settings: main/doh-providers Signature verified failed. Retry from scratch
console.error: services.settings: 
  main/doh-config Signature failed  InvalidSignatureError: Invalid content signature (main/doh-config)
console.error: services.settings: 
  main/doh-config local data was corrupted
console.warn: services.settings: main/doh-config Signature verified failed. Retry from scratch
console.log: WebExtensions: reset-default-search: starting.
console.log: WebExtensions: reset-default-search: No addons in our list are installed.
console.error: services.settings: 
  main/doh-providers Signature failed  InvalidSignatureError: Invalid content signature (main/doh-providers)
console.error: services.settings: 
  main/doh-providers local data was corrupted
console.warn: services.settings: main/doh-providers Signature verified failed. Retry from scratch
console.error: services.settings: 
  main/doh-config Signature failed  InvalidSignatureError: Invalid content signature (main/doh-config)
console.error: services.settings: 
  main/doh-config local data was corrupted
console.warn: services.settings: main/doh-config Signature verified failed. Retry from scratch
console.log: WebExtensions: reset-default-search: starting.
console.log: WebExtensions: reset-default-search: No addons in our list are installed.
console.log: WebExtensions: reset-default-search: starting.
console.log: WebExtensions: reset-default-search: No addons in our list are installed.
1628065959416	geckodriver	INFO	Listening on 127.0.0.1:40231
1628065960429	mozrunner::runner	INFO	Running command: "/usr/bin/firefox" "--marionette" "-foreground" "-no-remote" "-profile" "/tmp/rust_mozprofile4yumMQ"
1628065961180	Marionette	INFO	Marionette enabled
console.warn: SearchSettings: "get: No settings file exists, new profile?" (new NotFoundError("Could not open the file at /tmp/rust_mozprofile4yumMQ/search.json.mozlz4", (void 0)))
1628065964126	Marionette	INFO	Listening on port 42319
1628065964178	Marionette	WARN	TLS certificate errors will be ignored for this session
1628065964815	Marionette	INFO	Stopped listening on port 44469
1628065966582	Marionette	INFO	Stopped listening on port 43305
1628065968141	Marionette	INFO	Stopped listening on port 39765
1628066033087	Marionette	INFO	Stopped listening on port 42319

###!!! [Parent][RunMessage] Error: Channel closing: too late to send/recv, messages will be lost

1628066358250	geckodriver	INFO	Listening on 127.0.0.1:54955
1628066358264	mozrunner::runner	INFO	Running command: "/usr/bin/firefox" "--marionette" "-foreground" "-no-remote" "-profile" "/tmp/rust_mozprofileytPE9M"
1628066359158	Marionette	INFO	Marionette enabled
console.warn: SearchSettings: "get: No settings file exists, new profile?" (new NotFoundError("Could not open the file at /tmp/rust_mozprofileytPE9M/search.json.mozlz4", (void 0)))
1628066361967	Marionette	INFO	Listening on port 33387
1628066362016	Marionette	WARN	TLS certificate errors will be ignored for this session
JavaScript error: resource://devtools/server/actors/network-monitor/network-event-actor.js, line 108: Error: Got a request https://s3.amazonaws.com/popularpays-ember-assets-lightning/assets/vendor-6ebf6cbd01dc06315c36639acaa7443f.css without a browsingContextID set
JavaScript error: resource://devtools/server/actors/network-monitor/network-event-actor.js, line 108: Error: Got a request https://s3.amazonaws.com/popularpays-ember-assets-lightning/assets/agency-web-app-d53ef86c17c5f38530a210d8d3647124.css without a browsingContextID set
console.error: services.settings: 
  main/doh-providers Signature failed  InvalidSignatureError: Invalid content signature (main/doh-providers)
console.error: services.settings: 
  main/doh-providers local data was corrupted
console.warn: services.settings: main/doh-providers Signature verified failed. Retry from scratch
console.error: services.settings: 
  main/doh-config Signature failed  InvalidSignatureError: Invalid content signature (main/doh-config)
console.error: services.settings: 
  main/doh-config local data was corrupted
console.warn: services.settings: main/doh-config Signature verified failed. Retry from scratch
console.log: WebExtensions: reset-default-search: starting.
console.log: WebExtensions: reset-default-search: No addons in our list are installed.
1628067800242	geckodriver	INFO	Listening on 127.0.0.1:43693
1628067801257	mozrunner::runner	INFO	Running command: "/usr/bin/firefox" "--marionette" "-foreground" "-no-remote" "-profile" "/tmp/rust_mozprofilef1Ye7I"
1628067802085	Marionette	INFO	Marionette enabled
console.warn: SearchSettings: "get: No settings file exists, new profile?" (new NotFoundError("Could not open the file at /tmp/rust_mozprofilef1Ye7I/search.json.mozlz4", (void 0)))
1628067804656	Marionette	INFO	Listening on port 39921
1628067804700	Marionette	WARN	TLS certificate errors will be ignored for this session
1628067861779	geckodriver	INFO	Listening on 127.0.0.1:34905
1628067862783	mozrunner::runner	INFO	Running command: "/usr/bin/firefox" "--marionette" "-foreground" "-no-remote" "-profile" "/tmp/rust_mozprofilerst7QL"
1628067863569	Marionette	INFO	Marionette enabled
console.warn: SearchSettings: "get: No settings file exists, new profile?" (new NotFoundError("Could not open the file at /tmp/rust_mozprofilerst7QL/search.json.mozlz4", (void 0)))
1628067866647	Marionette	INFO	Listening on port 41235
1628067866736	Marionette	WARN	TLS certificate errors will be ignored for this session
1628067869521	Marionette	INFO	Stopped listening on port 39921
1628067871271	Marionette	INFO	Stopped listening on port 33387

###!!! [Parent][RunMessage] Error: Channel closing: too late to send/recv, messages will be lost

JavaScript error: resource://devtools/server/actors/network-monitor/network-event-actor.js, line 108: Error: Got a request https://s3.amazonaws.com/popularpays-ember-assets-lightning/assets/vendor-6ebf6cbd01dc06315c36639acaa7443f.css without a browsingContextID set
JavaScript error: resource://devtools/server/actors/network-monitor/network-event-actor.js, line 108: Error: Got a request https://s3.amazonaws.com/popularpays-ember-assets-lightning/assets/agency-web-app-d53ef86c17c5f38530a210d8d3647124.css without a browsingContextID set
1628067964639	geckodriver	INFO	Listening on 127.0.0.1:37369
1628067965648	mozrunner::runner	INFO	Running command: "/usr/bin/firefox" "--marionette" "-foreground" "-no-remote" "-profile" "/tmp/rust_mozprofileSxKeKQ"
1628067966374	Marionette	INFO	Marionette enabled
1628067967384	Marionette	INFO	Stopped listening on port 41235
console.warn: SearchSettings: "get: No settings file exists, new profile?" (new NotFoundError("Could not open the file at /tmp/rust_mozprofileSxKeKQ/search.json.mozlz4", (void 0)))

###!!! [Parent][RunMessage] Error: Channel closing: too late to send/recv, messages will be lost

1628067969250	Marionette	INFO	Listening on port 43185
1628067969315	Marionette	WARN	TLS certificate errors will be ignored for this session
1628068013962	Marionette	INFO	Stopped listening on port 43185
1628068021001	geckodriver	INFO	Listening on 127.0.0.1:40267
1628068022006	mozrunner::runner	INFO	Running command: "/usr/bin/firefox" "--marionette" "-foreground" "-no-remote" "-profile" "/tmp/rust_mozprofileyNrfYi"
1628068022692	Marionette	INFO	Marionette enabled
console.warn: SearchSettings: "get: No settings file exists, new profile?" (new NotFoundError("Could not open the file at /tmp/rust_mozprofileyNrfYi/search.json.mozlz4", (void 0)))
1628068025025	Marionette	INFO	Listening on port 45249
1628068025139	Marionette	WARN	TLS certificate errors will be ignored for this session
console.error: services.settings: 
  main/doh-providers Signature failed  InvalidSignatureError: Invalid content signature (main/doh-providers)
console.error: services.settings: 
  main/doh-providers local data was corrupted
console.warn: services.settings: main/doh-providers Signature verified failed. Retry from scratch
console.error: services.settings: 
  main/doh-config Signature failed  InvalidSignatureError: Invalid content signature (main/doh-config)
console.error: services.settings: 
  main/doh-config local data was corrupted
console.warn: services.settings: main/doh-config Signature verified failed. Retry from scratch
console.log: WebExtensions: reset-default-search: starting.
console.log: WebExtensions: reset-default-search: No addons in our list are installed.
1628068557539	geckodriver	INFO	Listening on 127.0.0.1:52653
1628068558553	mozrunner::runner	INFO	Running command: "/usr/bin/firefox" "--marionette" "-foreground" "-no-remote" "-profile" "/tmp/rust_mozprofilenKQ93t"
1628068559389	Marionette	INFO	Marionette enabled
console.warn: SearchSettings: "get: No settings file exists, new profile?" (new NotFoundError("Could not open the file at /tmp/rust_mozprofilenKQ93t/search.json.mozlz4", (void 0)))
1628068562022	Marionette	INFO	Listening on port 39407
1628068562121	Marionette	WARN	TLS certificate errors will be ignored for this session
1628068562596	Marionette	INFO	Stopped listening on port 45249

###!!! [Parent][RunMessage] Error: Channel closing: too late to send/recv, messages will be lost

console.error: services.settings: 
  main/doh-providers Signature failed  InvalidSignatureError: Invalid content signature (main/doh-providers)
console.error: services.settings: 
  main/doh-providers local data was corrupted
console.warn: services.settings: main/doh-providers Signature verified failed. Retry from scratch
console.error: services.settings: 
  main/doh-config Signature failed  InvalidSignatureError: Invalid content signature (main/doh-config)
console.error: services.settings: 
  main/doh-config local data was corrupted
console.warn: services.settings: main/doh-config Signature verified failed. Retry from scratch
1628068917446	geckodriver	INFO	Listening on 127.0.0.1:38207
1628068918454	mozrunner::runner	INFO	Running command: "/usr/bin/firefox" "--marionette" "-foreground" "-no-remote" "-profile" "/tmp/rust_mozprofileOrBrHD"
1628068919269	Marionette	INFO	Marionette enabled
console.warn: SearchSettings: "get: No settings file exists, new profile?" (new NotFoundError("Could not open the file at /tmp/rust_mozprofileOrBrHD/search.json.mozlz4", (void 0)))
1628068921771	Marionette	INFO	Listening on port 40283
1628068921892	Marionette	WARN	TLS certificate errors will be ignored for this session
console.log: WebExtensions: reset-default-search: starting.
console.log: WebExtensions: reset-default-search: No addons in our list are installed.
1628069060904	geckodriver	INFO	Listening on 127.0.0.1:43359
1628069061909	mozrunner::runner	INFO	Running command: "/usr/bin/firefox" "--marionette" "-foreground" "-no-remote" "-profile" "/tmp/rust_mozprofileX3Zevi"
1628069062890	Marionette	INFO	Marionette enabled
console.warn: SearchSettings: "get: No settings file exists, new profile?" (new NotFoundError("Could not open the file at /tmp/rust_mozprofileX3Zevi/search.json.mozlz4", (void 0)))
1628069065649	Marionette	INFO	Listening on port 43915
1628069065749	Marionette	WARN	TLS certificate errors will be ignored for this session
1628069129793	geckodriver	INFO	Listening on 127.0.0.1:37951
1628069130806	mozrunner::runner	INFO	Running command: "/usr/bin/firefox" "--marionette" "-foreground" "-no-remote" "-profile" "/tmp/rust_mozprofileDCST6u"
1628069131576	Marionette	INFO	Marionette enabled
console.warn: SearchSettings: "get: No settings file exists, new profile?" (new NotFoundError("Could not open the file at /tmp/rust_mozprofileDCST6u/search.json.mozlz4", (void 0)))
1628069134121	Marionette	INFO	Listening on port 44517
1628069134245	Marionette	WARN	TLS certificate errors will be ignored for this session
console.error: services.settings: 
  main/doh-providers Signature failed  InvalidSignatureError: Invalid content signature (main/doh-providers)
console.error: services.settings: 
  main/doh-providers local data was corrupted
console.warn: services.settings: main/doh-providers Signature verified failed. Retry from scratch
console.error: services.settings: 
  main/doh-config Signature failed  InvalidSignatureError: Invalid content signature (main/doh-config)
console.error: services.settings: 
  main/doh-config local data was corrupted
console.warn: services.settings: main/doh-config Signature verified failed. Retry from scratch
console.log: WebExtensions: reset-default-search: starting.
console.log: WebExtensions: reset-default-search: No addons in our list are installed.
console.error: services.settings: 
  main/doh-providers Signature failed  InvalidSignatureError: Invalid content signature (main/doh-providers)
console.error: services.settings: 
  main/doh-providers local data was corrupted
console.warn: services.settings: main/doh-providers Signature verified failed. Retry from scratch
console.error: services.settings: 
  main/doh-config Signature failed  InvalidSignatureError: Invalid content signature (main/doh-config)
console.error: services.settings: 
  main/doh-config local data was corrupted
console.warn: services.settings: main/doh-config Signature verified failed. Retry from scratch
console.error: services.settings: 
  main/doh-providers Signature failed  InvalidSignatureError: Invalid content signature (main/doh-providers)
console.error: services.settings: 
  main/doh-providers local data was corrupted
console.warn: services.settings: main/doh-providers Signature verified failed. Retry from scratch
console.error: services.settings: 
  main/doh-config Signature failed  InvalidSignatureError: Invalid content signature (main/doh-config)
console.error: services.settings: 
  main/doh-config local data was corrupted
console.warn: services.settings: main/doh-config Signature verified failed. Retry from scratch
JavaScript error: resource://devtools/server/actors/network-monitor/network-event-actor.js, line 108: Error: Got a request https://s3.amazonaws.com/popularpays-ember-assets-lightning/assets/vendor-6ebf6cbd01dc06315c36639acaa7443f.css without a browsingContextID set
JavaScript error: resource://devtools/server/actors/network-monitor/network-event-actor.js, line 108: Error: Got a request https://s3.amazonaws.com/popularpays-ember-assets-lightning/assets/agency-web-app-d53ef86c17c5f38530a210d8d3647124.css without a browsingContextID set
console.log: WebExtensions: reset-default-search: starting.
console.log: WebExtensions: reset-default-search: No addons in our list are installed.
console.log: WebExtensions: reset-default-search: starting.
console.log: WebExtensions: reset-default-search: No addons in our list are installed.
1628069988308	geckodriver	INFO	Listening on 127.0.0.1:55813
1628069989313	mozrunner::runner	INFO	Running command: "/usr/bin/firefox" "--marionette" "-foreground" "-no-remote" "-profile" "/tmp/rust_mozprofileuCmHPl"
1628069990568	Marionette	INFO	Marionette enabled
console.warn: SearchSettings: "get: No settings file exists, new profile?" (new NotFoundError("Could not open the file at /tmp/rust_mozprofileuCmHPl/search.json.mozlz4", (void 0)))
1628069993477	Marionette	INFO	Listening on port 38183
1628069993584	Marionette	WARN	TLS certificate errors will be ignored for this session

###!!! [Child][RunMessage] Error: Channel closing: too late to send/recv, messages will be lost


###!!! [Child][MessageChannel] Error: (msgtype=0x39009A,name=PContent::Msg_InitBackground) Channel closing: too late to send/recv, messages will be lost

[Child 49967, Main Thread] WARNING: FileDescriptorSet destroyed with unconsumed descriptors: file /build/firefox-oeeWcI/firefox-90.0.2+build1/ipc/chromium/src/chrome/common/file_descriptor_set_posix.cc:19

###!!! [Child][MessageChannel] Error: (msgtype=0x39009A,name=PContent::Msg_InitBackground) Channel closing: too late to send/recv, messages will be lost

[Child 49967, Main Thread] WARNING: FileDescriptorSet destroyed with unconsumed descriptors: file /build/firefox-oeeWcI/firefox-90.0.2+build1/ipc/chromium/src/chrome/common/file_descriptor_set_posix.cc:19
[Child 49967, Main Thread] WARNING: FileDescriptorSet destroyed with unconsumed descriptors: file /build/firefox-oeeWcI/firefox-90.0.2+build1/ipc/chromium/src/chrome/common/file_descriptor_set_posix.cc:19
console.error: services.settings: 
  main/doh-providers Signature failed  InvalidSignatureError: Invalid content signature (main/doh-providers)
console.error: services.settings: 
  main/doh-providers local data was corrupted
console.warn: services.settings: main/doh-providers Signature verified failed. Retry from scratch
console.error: services.settings: 
  main/doh-config Signature failed  InvalidSignatureError: Invalid content signature (main/doh-config)
console.error: services.settings: 
  main/doh-config local data was corrupted
console.warn: services.settings: main/doh-config Signature verified failed. Retry from scratch
console.log: WebExtensions: reset-default-search: starting.
console.log: WebExtensions: reset-default-search: No addons in our list are installed.
console.warn: "Already stopped listening to server sent events for this window."
console.warn: "Already stopped listening to server sent events for this window."
console.warn: "Already stopped listening to server sent events for this window."
1628071428309	Marionette	INFO	Stopped listening on port 38183
1628071431578	Marionette	INFO	Stopped listening on port 40283
1628071431593	Marionette	INFO	Stopped listening on port 44517
1628071431621	Marionette	INFO	Stopped listening on port 43915

###!!! [Parent][RunMessage] Error: Channel closing: too late to send/recv, messages will be lost

1628071432063	Marionette	INFO	Stopped listening on port 39407
1628071585447	geckodriver	INFO	Listening on 127.0.0.1:48717
1628071586453	mozrunner::runner	INFO	Running command: "/usr/bin/firefox" "--marionette" "-foreground" "-no-remote" "-profile" "/tmp/rust_mozprofileHqhMhN"
1628071587208	Marionette	INFO	Marionette enabled
console.warn: SearchSettings: "get: No settings file exists, new profile?" (new NotFoundError("Could not open the file at /tmp/rust_mozprofileHqhMhN/search.json.mozlz4", (void 0)))
1628071589815	Marionette	INFO	Listening on port 46155
1628071589906	Marionette	WARN	TLS certificate errors will be ignored for this session
1628071620614	geckodriver	INFO	Listening on 127.0.0.1:32947
1628071620629	mozrunner::runner	INFO	Running command: "/usr/bin/firefox" "--marionette" "-foreground" "-no-remote" "-profile" "/tmp/rust_mozprofileXxCDbi"
1628071621414	Marionette	INFO	Marionette enabled
console.warn: SearchSettings: "get: No settings file exists, new profile?" (new NotFoundError("Could not open the file at /tmp/rust_mozprofileXxCDbi/search.json.mozlz4", (void 0)))
1628071624032	Marionette	INFO	Listening on port 34973
1628071624075	Marionette	WARN	TLS certificate errors will be ignored for this session
console.error: services.settings: 
  main/doh-providers Signature failed  InvalidSignatureError: Invalid content signature (main/doh-providers)
console.error: services.settings: 
  main/doh-providers local data was corrupted
console.warn: services.settings: main/doh-providers Signature verified failed. Retry from scratch
console.error: services.settings: 
  main/doh-config Signature failed  InvalidSignatureError: Invalid content signature (main/doh-config)
console.error: services.settings: 
  main/doh-config local data was corrupted
console.warn: services.settings: main/doh-config Signature verified failed. Retry from scratch
console.error: services.settings: 
  main/doh-providers Signature failed  InvalidSignatureError: Invalid content signature (main/doh-providers)
console.error: services.settings: 
  main/doh-providers local data was corrupted
console.warn: services.settings: main/doh-providers Signature verified failed. Retry from scratch
console.error: services.settings: 
  main/doh-config Signature failed  InvalidSignatureError: Invalid content signature (main/doh-config)
console.error: services.settings: 
  main/doh-config local data was corrupted
console.warn: services.settings: main/doh-config Signature verified failed. Retry from scratch
console.log: WebExtensions: reset-default-search: starting.
console.log: WebExtensions: reset-default-search: No addons in our list are installed.
console.log: WebExtensions: reset-default-search: starting.
console.log: WebExtensions: reset-default-search: No addons in our list are installed.
1628072800513	geckodriver	INFO	Listening on 127.0.0.1:58023
1628072801518	mozrunner::runner	INFO	Running command: "/usr/bin/firefox" "--marionette" "-foreground" "-no-remote" "-profile" "/tmp/rust_mozprofilekszgJY"
1628072802149	Marionette	INFO	Marionette enabled
console.warn: SearchSettings: "get: No settings file exists, new profile?" (new NotFoundError("Could not open the file at /tmp/rust_mozprofilekszgJY/search.json.mozlz4", (void 0)))
1628072804221	Marionette	INFO	Listening on port 44311
1628072804250	Marionette	WARN	TLS certificate errors will be ignored for this session
1628072946156	geckodriver	INFO	Listening on 127.0.0.1:33047
1628072947171	mozrunner::runner	INFO	Running command: "/usr/bin/firefox" "--marionette" "-foreground" "-no-remote" "-profile" "/tmp/rust_mozprofileyqMEVh"
1628072947844	Marionette	INFO	Marionette enabled
console.warn: SearchSettings: "get: No settings file exists, new profile?" (new NotFoundError("Could not open the file at /tmp/rust_mozprofileyqMEVh/search.json.mozlz4", (void 0)))
1628072949937	Marionette	INFO	Listening on port 35573
1628072950014	Marionette	WARN	TLS certificate errors will be ignored for this session
console.error: services.settings: 
  main/doh-providers Signature failed  InvalidSignatureError: Invalid content signature (main/doh-providers)
console.error: services.settings: 
  main/doh-providers local data was corrupted
console.warn: services.settings: main/doh-providers Signature verified failed. Retry from scratch
console.error: services.settings: 
  main/doh-config Signature failed  InvalidSignatureError: Invalid content signature (main/doh-config)
console.error: services.settings: 
  main/doh-config local data was corrupted
console.warn: services.settings: main/doh-config Signature verified failed. Retry from scratch
1628073074156	geckodriver	INFO	Listening on 127.0.0.1:56629
1628073075161	mozrunner::runner	INFO	Running command: "/usr/bin/firefox" "--marionette" "-foreground" "-no-remote" "-profile" "/tmp/rust_mozprofileCseyZR"
1628073076008	Marionette	INFO	Marionette enabled
1628073077366	Marionette	INFO	Stopped listening on port 46155
1628073077389	Marionette	INFO	Stopped listening on port 44311
1628073077447	Marionette	INFO	Stopped listening on port 35573
1628073077529	Marionette	INFO	Stopped listening on port 34973
console.warn: SearchSettings: "get: No settings file exists, new profile?" (new NotFoundError("Could not open the file at /tmp/rust_mozprofileCseyZR/search.json.mozlz4", (void 0)))
1628073078968	Marionette	INFO	Listening on port 36097
1628073079022	Marionette	WARN	TLS certificate errors will be ignored for this session
console.error: services.settings: 
  main/doh-providers Signature failed  InvalidSignatureError: Invalid content signature (main/doh-providers)
console.error: services.settings: 
  main/doh-providers local data was corrupted
console.warn: services.settings: main/doh-providers Signature verified failed. Retry from scratch
console.error: services.settings: 
  main/doh-config Signature failed  InvalidSignatureError: Invalid content signature (main/doh-config)
console.error: services.settings: 
  main/doh-config local data was corrupted
console.warn: services.settings: main/doh-config Signature verified failed. Retry from scratch
IPDL protocol error: Handler returned error code!

###!!! [Parent][DispatchAsyncMessage] Error: PClientManager::Msg_ExpectFutureClientSource Processing error: message was deserialized, but the handler returned false (indicating failure)

IPDL protocol error: Handler returned error code!

###!!! [Parent][DispatchAsyncMessage] Error: PClientManager::Msg_ForgetFutureClientSource Processing error: message was deserialized, but the handler returned false (indicating failure)

1628073419850	geckodriver	INFO	Listening on 127.0.0.1:35303
1628073420864	mozrunner::runner	INFO	Running command: "/usr/bin/firefox" "--marionette" "-foreground" "-no-remote" "-profile" "/tmp/rust_mozprofileQOIO1w"
1628073421488	Marionette	INFO	Marionette enabled
console.warn: SearchSettings: "get: No settings file exists, new profile?" (new NotFoundError("Could not open the file at /tmp/rust_mozprofileQOIO1w/search.json.mozlz4", (void 0)))
1628073423998	Marionette	INFO	Listening on port 46307
1628073424102	Marionette	WARN	TLS certificate errors will be ignored for this session
console.log: WebExtensions: reset-default-search: starting.
console.log: WebExtensions: reset-default-search: No addons in our list are installed.
console.error: services.settings: 
  main/doh-providers Signature failed  InvalidSignatureError: Invalid content signature (main/doh-providers)
console.error: services.settings: 
  main/doh-providers local data was corrupted
console.warn: services.settings: main/doh-providers Signature verified failed. Retry from scratch
console.error: services.settings: 
  main/doh-config Signature failed  InvalidSignatureError: Invalid content signature (main/doh-config)
console.error: services.settings: 
  main/doh-config local data was corrupted
console.warn: services.settings: main/doh-config Signature verified failed. Retry from scratch
console.log: WebExtensions: reset-default-search: starting.
console.log: WebExtensions: reset-default-search: No addons in our list are installed.
1628074476818	Marionette	INFO	Stopped listening on port 46307
1628075020304	geckodriver	INFO	Listening on 127.0.0.1:51763
1628075020311	mozrunner::runner	INFO	Running command: "/usr/bin/firefox" "--marionette" "-foreground" "-no-remote" "-profile" "/tmp/rust_mozprofileVqQ5nb"
1628075020949	Marionette	INFO	Marionette enabled
console.warn: SearchSettings: "get: No settings file exists, new profile?" (new NotFoundError("Could not open the file at /tmp/rust_mozprofileVqQ5nb/search.json.mozlz4", (void 0)))
1628075023728	Marionette	INFO	Listening on port 35001
1628075023784	Marionette	WARN	TLS certificate errors will be ignored for this session
1628075145633	geckodriver	INFO	Listening on 127.0.0.1:46061
1628075146644	mozrunner::runner	INFO	Running command: "/usr/bin/firefox" "--marionette" "-foreground" "-no-remote" "-profile" "/tmp/rust_mozprofile8Tc0qA"
1628075147419	Marionette	INFO	Marionette enabled
console.warn: SearchSettings: "get: No settings file exists, new profile?" (new NotFoundError("Could not open the file at /tmp/rust_mozprofile8Tc0qA/search.json.mozlz4", (void 0)))
1628075150244	Marionette	INFO	Listening on port 40953
1628075150284	Marionette	WARN	TLS certificate errors will be ignored for this session
1628075233534	geckodriver	INFO	Listening on 127.0.0.1:34569
1628075234551	mozrunner::runner	INFO	Running command: "/usr/bin/firefox" "--marionette" "-foreground" "-no-remote" "-profile" "/tmp/rust_mozprofiled9Qq0A"
1628075235370	Marionette	INFO	Marionette enabled
console.warn: SearchSettings: "get: No settings file exists, new profile?" (new NotFoundError("Could not open the file at /tmp/rust_mozprofiled9Qq0A/search.json.mozlz4", (void 0)))
1628075237969	Marionette	INFO	Listening on port 40791
1628075238085	Marionette	WARN	TLS certificate errors will be ignored for this session
console.error: services.settings: 
  main/doh-providers Signature failed  InvalidSignatureError: Invalid content signature (main/doh-providers)
console.error: services.settings: 
  main/doh-providers local data was corrupted
console.warn: services.settings: main/doh-providers Signature verified failed. Retry from scratch
console.error: services.settings: 
  main/doh-config Signature failed  InvalidSignatureError: Invalid content signature (main/doh-config)
console.error: services.settings: 
  main/doh-config local data was corrupted
console.warn: services.settings: main/doh-config Signature verified failed. Retry from scratch
1628075297444	geckodriver	INFO	Listening on 127.0.0.1:49423
1628075298448	mozrunner::runner	INFO	Running command: "/usr/bin/firefox" "--marionette" "-foreground" "-no-remote" "-profile" "/tmp/rust_mozprofilepuGVyu"
1628075299275	Marionette	INFO	Marionette enabled
console.warn: SearchSettings: "get: No settings file exists, new profile?" (new NotFoundError("Could not open the file at /tmp/rust_mozprofilepuGVyu/search.json.mozlz4", (void 0)))
1628075302108	Marionette	INFO	Listening on port 37563
1628075302201	Marionette	WARN	TLS certificate errors will be ignored for this session
1628075394496	geckodriver	INFO	Listening on 127.0.0.1:47795
1628075395503	mozrunner::runner	INFO	Running command: "/usr/bin/firefox" "--marionette" "-foreground" "-no-remote" "-profile" "/tmp/rust_mozprofileJfXfi8"
1628075397266	Marionette	INFO	Marionette enabled
console.warn: SearchSettings: "get: No settings file exists, new profile?" (new NotFoundError("Could not open the file at /tmp/rust_mozprofileJfXfi8/search.json.mozlz4", (void 0)))
1628075400411	Marionette	INFO	Listening on port 46357
1628075400474	Marionette	WARN	TLS certificate errors will be ignored for this session
console.log: WebExtensions: reset-default-search: starting.
console.log: WebExtensions: reset-default-search: No addons in our list are installed.
console.error: services.settings: 
  main/doh-providers Signature failed  InvalidSignatureError: Invalid content signature (main/doh-providers)
console.error: services.settings: 
  main/doh-providers local data was corrupted
console.warn: services.settings: main/doh-providers Signature verified failed. Retry from scratch
console.error: services.settings: 
  main/doh-config Signature failed  InvalidSignatureError: Invalid content signature (main/doh-config)
console.error: services.settings: 
  main/doh-config local data was corrupted
console.warn: services.settings: main/doh-config Signature verified failed. Retry from scratch
1628075449568	Marionette	INFO	Stopped listening on port 37563
1628075449619	Marionette	INFO	Stopped listening on port 35001
1628075449806	Marionette	INFO	Stopped listening on port 40953

###!!! [Parent][RunMessage] Error: Channel closing: too late to send/recv, messages will be lost

1628075449859	Marionette	INFO	Stopped listening on port 40791
1628075450037	Marionette	INFO	Stopped listening on port 46357

###!!! [Parent][RunMessage] Error: Channel closing: too late to send/recv, messages will be lost

1628075450397	Marionette	INFO	Stopped listening on port 36097
1628075466087	geckodriver	INFO	Listening on 127.0.0.1:44771
1628075467098	mozrunner::runner	INFO	Running command: "/usr/bin/firefox" "--marionette" "-foreground" "-no-remote" "-profile" "/tmp/rust_mozprofilea0kP0o"
1628075467864	Marionette	INFO	Marionette enabled
console.warn: SearchSettings: "get: No settings file exists, new profile?" (new NotFoundError("Could not open the file at /tmp/rust_mozprofilea0kP0o/search.json.mozlz4", (void 0)))
1628075470570	Marionette	INFO	Listening on port 38547
1628075470647	Marionette	WARN	TLS certificate errors will be ignored for this session
console.error: services.settings: 
  main/doh-providers Signature failed  InvalidSignatureError: Invalid content signature (main/doh-providers)
console.error: services.settings: 
  main/doh-providers local data was corrupted
console.warn: services.settings: main/doh-providers Signature verified failed. Retry from scratch
console.error: services.settings: 
  main/doh-config Signature failed  InvalidSignatureError: Invalid content signature (main/doh-config)
console.error: services.settings: 
  main/doh-config local data was corrupted
console.warn: services.settings: main/doh-config Signature verified failed. Retry from scratch
console.log: WebExtensions: reset-default-search: starting.
console.log: WebExtensions: reset-default-search: No addons in our list are installed.
1628076312641	geckodriver	INFO	Listening on 127.0.0.1:35625
1628076313651	mozrunner::runner	INFO	Running command: "/usr/bin/firefox" "--marionette" "-foreground" "-no-remote" "-profile" "/tmp/rust_mozprofileBzTDRA"
1628076314425	Marionette	INFO	Marionette enabled
console.warn: SearchSettings: "get: No settings file exists, new profile?" (new NotFoundError("Could not open the file at /tmp/rust_mozprofileBzTDRA/search.json.mozlz4", (void 0)))
1628076317233	Marionette	INFO	Listening on port 45639
1628076317302	Marionette	WARN	TLS certificate errors will be ignored for this session
1628076414736	geckodriver	INFO	Listening on 127.0.0.1:52909
1628076415749	mozrunner::runner	INFO	Running command: "/usr/bin/firefox" "--marionette" "-foreground" "-no-remote" "-profile" "/tmp/rust_mozprofile9f3zvo"
1628076416526	Marionette	INFO	Marionette enabled
console.warn: SearchSettings: "get: No settings file exists, new profile?" (new NotFoundError("Could not open the file at /tmp/rust_mozprofile9f3zvo/search.json.mozlz4", (void 0)))
1628076419327	Marionette	INFO	Listening on port 36773
1628076419411	Marionette	WARN	TLS certificate errors will be ignored for this session
1628076490119	geckodriver	INFO	Listening on 127.0.0.1:53273
1628076491130	mozrunner::runner	INFO	Running command: "/usr/bin/firefox" "--marionette" "-foreground" "-no-remote" "-profile" "/tmp/rust_mozprofilelo12Bu"
1628076492184	Marionette	INFO	Marionette enabled
console.warn: SearchSettings: "get: No settings file exists, new profile?" (new NotFoundError("Could not open the file at /tmp/rust_mozprofilelo12Bu/search.json.mozlz4", (void 0)))
1628076495241	Marionette	INFO	Listening on port 45317
1628076495293	Marionette	WARN	TLS certificate errors will be ignored for this session
console.error: services.settings: 
  main/doh-providers Signature failed  InvalidSignatureError: Invalid content signature (main/doh-providers)
console.error: services.settings: 
  main/doh-providers local data was corrupted
console.warn: services.settings: main/doh-providers Signature verified failed. Retry from scratch
console.error: services.settings: 
  main/doh-config Signature failed  InvalidSignatureError: Invalid content signature (main/doh-config)
console.error: services.settings: 
  main/doh-config local data was corrupted
console.warn: services.settings: main/doh-config Signature verified failed. Retry from scratch
console.error: services.settings: 
  main/doh-providers Signature failed  InvalidSignatureError: Invalid content signature (main/doh-providers)
console.error: services.settings: 
  main/doh-providers local data was corrupted
console.warn: services.settings: main/doh-providers Signature verified failed. Retry from scratch
console.error: services.settings: 
  main/doh-config Signature failed  InvalidSignatureError: Invalid content signature (main/doh-config)
console.error: services.settings: 
  main/doh-config local data was corrupted
console.warn: services.settings: main/doh-config Signature verified failed. Retry from scratch
console.log: WebExtensions: reset-default-search: starting.
console.log: WebExtensions: reset-default-search: No addons in our list are installed.
console.error: services.settings: 
  main/doh-providers Signature failed  InvalidSignatureError: Invalid content signature (main/doh-providers)
console.error: services.settings: 
  main/doh-providers local data was corrupted
console.warn: services.settings: main/doh-providers Signature verified failed. Retry from scratch
console.error: services.settings: 
  main/doh-config Signature failed  InvalidSignatureError: Invalid content signature (main/doh-config)
console.error: services.settings: 
  main/doh-config local data was corrupted
console.warn: services.settings: main/doh-config Signature verified failed. Retry from scratch
console.log: WebExtensions: reset-default-search: starting.
console.log: WebExtensions: reset-default-search: No addons in our list are installed.
console.log: WebExtensions: reset-default-search: starting.
console.log: WebExtensions: reset-default-search: No addons in our list are installed.
1628077213635	Marionette	INFO	Stopped listening on port 36773
1628077213655	Marionette	INFO	Stopped listening on port 45317

###!!! [Parent][RunMessage] Error: Channel closing: too late to send/recv, messages will be lost

1628077214023	Marionette	INFO	Stopped listening on port 38547
1628077214591	Marionette	INFO	Stopped listening on port 45639
1628077218028	geckodriver	INFO	Listening on 127.0.0.1:56351
1628077219031	mozrunner::runner	INFO	Running command: "/usr/bin/firefox" "--marionette" "-foreground" "-no-remote" "-profile" "/tmp/rust_mozprofilelXY191"
1628077219878	Marionette	INFO	Marionette enabled
console.warn: SearchSettings: "get: No settings file exists, new profile?" (new NotFoundError("Could not open the file at /tmp/rust_mozprofilelXY191/search.json.mozlz4", (void 0)))
1628077222433	Marionette	INFO	Listening on port 40953
1628077222470	Marionette	WARN	TLS certificate errors will be ignored for this session
console.error: services.settings: 
  main/doh-providers Signature failed  InvalidSignatureError: Invalid content signature (main/doh-providers)
console.error: services.settings: 
  main/doh-providers local data was corrupted
console.warn: services.settings: main/doh-providers Signature verified failed. Retry from scratch
console.error: services.settings: 
  main/doh-config Signature failed  InvalidSignatureError: Invalid content signature (main/doh-config)
console.error: services.settings: 
  main/doh-config local data was corrupted
console.warn: services.settings: main/doh-config Signature verified failed. Retry from scratch
console.log: WebExtensions: reset-default-search: starting.
console.log: WebExtensions: reset-default-search: No addons in our list are installed.
[Child 63228, AudioIPC0] WARNING: 7fcbdd0f4820 StateCallback() state 2 cubeb error: file /build/firefox-oeeWcI/firefox-90.0.2+build1/dom/media/AudioStream.cpp:671
[Child 63228, MediaDecoderStateMachine #4] WARNING: Decoder=7fcbe11c4000 [OnMediaSinkAudioError]: file /build/firefox-oeeWcI/firefox-90.0.2+build1/dom/media/MediaDecoderStateMachine.cpp:3941
Gdk-Message: 16:08:53.928: /usr/lib/firefox/firefox: Fatal IO error 11 (Resource temporarily unavailable) on X server :0.

Gdk-Message: 16:08:53.927: /usr/lib/firefox/firefox: Fatal IO error 11 (Resource temporarily unavailable) on X server :0.

Gdk-Message: 16:08:53.932: /usr/lib/firefox/firefox: Fatal IO error 11 (Resource temporarily unavailable) on X server :0.

Gdk-Message: 16:08:53.927: /usr/lib/firefox/firefox: Fatal IO error 11 (Resource temporarily unavailable) on X server :0.


###!!! [Parent][MessageChannel] Error: (msgtype=0xA10001,name=PVsync::Msg_Notify) Channel error: cannot send/recv

Gdk-Message: 16:08:54.481: firefox: Fatal IO error 2 (No such file or directory) on X server :0.

